  LINGO/WIN64 17.0.0.78 (2 Apr 18 )
 
  LINDO API 11.0.3802.318 (Apr  3 2018 03:48:33)
 
  Copyright (C) 2011-2018 LINDO Systems Inc. Licensed material,
  all rights reserved. Copying except as authorized in license
  agreement is prohibited.
 
  License location: D:\LINGO64_17\lndlng17.lic
 
  Eval Use Only
 
  License expires: 19 Oct 2018
 
  Licensed for commercial use.
  Branch-and-bound solver enabled.
  Nonlinear solver enabled.
  Barrier solver enabled.
  Global solver enabled.
  Integer solver enabled.
  Stochastic solver enabled.
  Conic solver enabled.
 
 
   Parameter        Old Value     New Value
    ECHOIN             0             1
 
: TAKE Lingo2.lng
: MODEL:
? SETS:
? PRODUCTO/1..3/;
? SEDE/1..4/;
? MES/1..3/;
? PXSXM(PRODUCTO,SEDE,MES): PVENTA,PCOMPRA,COSTO_INV,DEMANDA,CAPACIDAD_INV,X,Y,V;
? PXM(PRODUCTO,MES):MAX_COMPRA;
? ENDSETS
? [OBJECTIVE]MAX = @SUM(PXSXM(I,J,K): PVENTA(I,J,K)*V(I,J,K) - PCOMPRA(I,J,K)*X(I,J,K
? @FOR(PXSXM(I,J,K): V(I,J,K) <=DEMANDA(I,J,K));
? @FOR(PXSXM(I,J,K): Y(I,J,K) <=CAPACIDAD_INV(I,J,K));
? @FOR(PXM(I,K): @SUM(SEDE(J): X(I,J,K)) <=MAX_COMPRA(I,K));
? @FOR(PXSXM(I,J,K)|K#EQ#1: Y(I,J,K) =X(I,J,K)-V(I,J,K));
? @FOR(PXSXM(I,J,K)|K#NE#1: Y(I,J,K) =Y(I,J,K-1)+ X(I,J,K)-V(I,J,K));
? DATA:
? PVENTA =@ODBC('bd_io','Venta','precioVenta');
? PCOMPRA =@ODBC ('bd_io','Compra','precioCompra');
? COSTO_INV =@ODBC ('bd_io','Costo','costoInventario');
? DEMANDA =@ODBC ('bd_io','Demanda','cantidadDemanda');
? CAPACIDAD_INV =@ODBC ('bd_io','Capacidad','capacidadInventario');
? MAX_COMPRA =@ODBC ('bd_io','MaxCompraProveedor','cantidadMax');
? @POINTER(1)=X;
? @POINTER(2)=Y;
? @POINTER(3)=V;
? ENDDATA
? END
: LOOK ALL
 
 1]SETS:
 2]PRODUCTO/1..3/;
 3]SEDE/1..4/;
 4]MES/1..3/;
 5]
 6]PXSXM(PRODUCTO,SEDE,MES): PVENTA,PCOMPRA,COSTO_INV,DEMANDA,CAPACIDAD_INV,X,Y,V;
 7]PXM(PRODUCTO,MES):MAX_COMPRA;
 8]ENDSETS
 9]
 
 [Error Code:  113]
 
  LOOK/SAVE failed ... the following line is too long:      10
  Increase the terminal width.
 
 
: GO
  Compiling model ...
  Structural analysis, pass 1 ...
  Scalarizing model ...
  Generating nonzero matrix ...
  Solving ...
 
  Global optimal solution found.
  Objective value:                              1191500.
  Infeasibilities:                              0.000000
  Total solver iterations:                            39
  Elapsed runtime seconds:                          8.15
 
  Running output operations ...
 
  Model Class:                                        LP
 
  Total variables:                    108
  Nonlinear variables:                  0
  Integer variables:                    0
 
  Total constraints:                  118
  Nonlinear constraints:                0
 
  Total nonzeros:                     348
  Nonlinear nonzeros:                   0
 
 
 
                                Variable           Value        Reduced Cost
                        PVENTA( 1, 1, 1)        1000.000            0.000000
                        PVENTA( 1, 1, 2)        1200.000            0.000000
                        PVENTA( 1, 1, 3)        1300.000            0.000000
                        PVENTA( 1, 2, 1)        1000.000            0.000000
                        PVENTA( 1, 2, 2)        1000.000            0.000000
                        PVENTA( 1, 2, 3)        1000.000            0.000000
                        PVENTA( 1, 3, 1)        800.0000            0.000000
                        PVENTA( 1, 3, 2)        1000.000            0.000000
                        PVENTA( 1, 3, 3)        900.0000            0.000000
                        PVENTA( 1, 4, 1)        1000.000            0.000000
                        PVENTA( 1, 4, 2)        1500.000            0.000000
                        PVENTA( 1, 4, 3)        1000.000            0.000000
                        PVENTA( 2, 1, 1)        1000.000            0.000000
                        PVENTA( 2, 1, 2)        1200.000            0.000000
                        PVENTA( 2, 1, 3)        1300.000            0.000000
                        PVENTA( 2, 2, 1)        1000.000            0.000000
                        PVENTA( 2, 2, 2)        1000.000            0.000000
                        PVENTA( 2, 2, 3)        1000.000            0.000000
                        PVENTA( 2, 3, 1)        800.0000            0.000000
                        PVENTA( 2, 3, 2)        1000.000            0.000000
                        PVENTA( 2, 3, 3)        900.0000            0.000000
                        PVENTA( 2, 4, 1)        1000.000            0.000000
                        PVENTA( 2, 4, 2)        1500.000            0.000000
                        PVENTA( 2, 4, 3)        1000.000            0.000000
                        PVENTA( 3, 1, 1)        1000.000            0.000000
                        PVENTA( 3, 1, 2)        1200.000            0.000000
                        PVENTA( 3, 1, 3)        1300.000            0.000000
                        PVENTA( 3, 2, 1)        1000.000            0.000000
                        PVENTA( 3, 2, 2)        1000.000            0.000000
                        PVENTA( 3, 2, 3)        1000.000            0.000000
                        PVENTA( 3, 3, 1)        800.0000            0.000000
                        PVENTA( 3, 3, 2)        1000.000            0.000000
                        PVENTA( 3, 3, 3)        900.0000            0.000000
                        PVENTA( 3, 4, 1)        1000.000            0.000000
                        PVENTA( 3, 4, 2)        1500.000            0.000000
                        PVENTA( 3, 4, 3)        1000.000            0.000000
                       PCOMPRA( 1, 1, 1)        600.0000            0.000000
                       PCOMPRA( 1, 1, 2)        700.0000            0.000000
                       PCOMPRA( 1, 1, 3)        600.0000            0.000000
                       PCOMPRA( 1, 2, 1)        600.0000            0.000000
                       PCOMPRA( 1, 2, 2)        500.0000            0.000000
                       PCOMPRA( 1, 2, 3)        600.0000            0.000000
                       PCOMPRA( 1, 3, 1)        600.0000            0.000000
                       PCOMPRA( 1, 3, 2)        800.0000            0.000000
                       PCOMPRA( 1, 3, 3)        600.0000            0.000000
                       PCOMPRA( 1, 4, 1)        600.0000            0.000000
                       PCOMPRA( 1, 4, 2)        750.0000            0.000000
                       PCOMPRA( 1, 4, 3)        800.0000            0.000000
                       PCOMPRA( 2, 1, 1)        600.0000            0.000000
                       PCOMPRA( 2, 1, 2)        700.0000            0.000000
                       PCOMPRA( 2, 1, 3)        600.0000            0.000000
                       PCOMPRA( 2, 2, 1)        600.0000            0.000000
                       PCOMPRA( 2, 2, 2)        500.0000            0.000000
                       PCOMPRA( 2, 2, 3)        600.0000            0.000000
                       PCOMPRA( 2, 3, 1)        600.0000            0.000000
                       PCOMPRA( 2, 3, 2)        800.0000            0.000000
                       PCOMPRA( 2, 3, 3)        600.0000            0.000000
                       PCOMPRA( 2, 4, 1)        600.0000            0.000000
                       PCOMPRA( 2, 4, 2)        550.0000            0.000000
                       PCOMPRA( 2, 4, 3)        800.0000            0.000000
                       PCOMPRA( 3, 1, 1)        600.0000            0.000000
                       PCOMPRA( 3, 1, 2)        700.0000            0.000000
                       PCOMPRA( 3, 1, 3)        600.0000            0.000000
                       PCOMPRA( 3, 2, 1)        600.0000            0.000000
                       PCOMPRA( 3, 2, 2)        500.0000            0.000000
                       PCOMPRA( 3, 2, 3)        600.0000            0.000000
                       PCOMPRA( 3, 3, 1)        600.0000            0.000000
                       PCOMPRA( 3, 3, 2)        800.0000            0.000000
                       PCOMPRA( 3, 3, 3)        600.0000            0.000000
                       PCOMPRA( 3, 4, 1)        600.0000            0.000000
                       PCOMPRA( 3, 4, 2)        760.0000            0.000000
                       PCOMPRA( 3, 4, 3)        600.0000            0.000000
                     COSTO_INV( 1, 1, 1)        50.00000            0.000000
                     COSTO_INV( 1, 1, 2)        50.00000            0.000000
                     COSTO_INV( 1, 1, 3)        50.00000            0.000000
                     COSTO_INV( 1, 2, 1)        60.00000            0.000000
                     COSTO_INV( 1, 2, 2)        60.00000            0.000000
                     COSTO_INV( 1, 2, 3)        60.00000            0.000000
                     COSTO_INV( 1, 3, 1)        70.00000            0.000000
                     COSTO_INV( 1, 3, 2)        70.00000            0.000000
                     COSTO_INV( 1, 3, 3)        70.00000            0.000000
                     COSTO_INV( 1, 4, 1)        20.00000            0.000000
                     COSTO_INV( 1, 4, 2)        20.00000            0.000000
                     COSTO_INV( 1, 4, 3)        20.00000            0.000000
                     COSTO_INV( 2, 1, 1)        50.00000            0.000000
                     COSTO_INV( 2, 1, 2)        50.00000            0.000000
                     COSTO_INV( 2, 1, 3)        50.00000            0.000000
                     COSTO_INV( 2, 2, 1)        60.00000            0.000000
                     COSTO_INV( 2, 2, 2)        60.00000            0.000000
                     COSTO_INV( 2, 2, 3)        60.00000            0.000000
                     COSTO_INV( 2, 3, 1)        70.00000            0.000000
                     COSTO_INV( 2, 3, 2)        70.00000            0.000000
                     COSTO_INV( 2, 3, 3)        70.00000            0.000000
                     COSTO_INV( 2, 4, 1)        20.00000            0.000000
                     COSTO_INV( 2, 4, 2)        20.00000            0.000000
                     COSTO_INV( 2, 4, 3)        20.00000            0.000000
                     COSTO_INV( 3, 1, 1)        50.00000            0.000000
                     COSTO_INV( 3, 1, 2)        50.00000            0.000000
                     COSTO_INV( 3, 1, 3)        50.00000            0.000000
                     COSTO_INV( 3, 2, 1)        60.00000            0.000000
                     COSTO_INV( 3, 2, 2)        60.00000            0.000000
                     COSTO_INV( 3, 2, 3)        60.00000            0.000000
                     COSTO_INV( 3, 3, 1)        70.00000            0.000000
                     COSTO_INV( 3, 3, 2)        70.00000            0.000000
                     COSTO_INV( 3, 3, 3)        70.00000            0.000000
                     COSTO_INV( 3, 4, 1)        20.00000            0.000000
                     COSTO_INV( 3, 4, 2)        20.00000            0.000000
                     COSTO_INV( 3, 4, 3)        20.00000            0.000000
                       DEMANDA( 1, 1, 1)        200.0000            0.000000
                       DEMANDA( 1, 1, 2)        200.0000            0.000000
                       DEMANDA( 1, 1, 3)        200.0000            0.000000
                       DEMANDA( 1, 2, 1)        200.0000            0.000000
                       DEMANDA( 1, 2, 2)        200.0000            0.000000
                       DEMANDA( 1, 2, 3)        200.0000            0.000000
                       DEMANDA( 1, 3, 1)        200.0000            0.000000
                       DEMANDA( 1, 3, 2)        200.0000            0.000000
                       DEMANDA( 1, 3, 3)        200.0000            0.000000
                       DEMANDA( 1, 4, 1)        200.0000            0.000000
                       DEMANDA( 1, 4, 2)        200.0000            0.000000
                       DEMANDA( 1, 4, 3)        200.0000            0.000000
                       DEMANDA( 2, 1, 1)        150.0000            0.000000
                       DEMANDA( 2, 1, 2)        150.0000            0.000000
                       DEMANDA( 2, 1, 3)        150.0000            0.000000
                       DEMANDA( 2, 2, 1)        150.0000            0.000000
                       DEMANDA( 2, 2, 2)        150.0000            0.000000
                       DEMANDA( 2, 2, 3)        150.0000            0.000000
                       DEMANDA( 2, 3, 1)        150.0000            0.000000
                       DEMANDA( 2, 3, 2)        150.0000            0.000000
                       DEMANDA( 2, 3, 3)        150.0000            0.000000
                       DEMANDA( 2, 4, 1)        150.0000            0.000000
                       DEMANDA( 2, 4, 2)        150.0000            0.000000
                       DEMANDA( 2, 4, 3)        150.0000            0.000000
                       DEMANDA( 3, 1, 1)        100.0000            0.000000
                       DEMANDA( 3, 1, 2)        100.0000            0.000000
                       DEMANDA( 3, 1, 3)        100.0000            0.000000
                       DEMANDA( 3, 2, 1)        100.0000            0.000000
                       DEMANDA( 3, 2, 2)        100.0000            0.000000
                       DEMANDA( 3, 2, 3)        100.0000            0.000000
                       DEMANDA( 3, 3, 1)        100.0000            0.000000
                       DEMANDA( 3, 3, 2)        100.0000            0.000000
                       DEMANDA( 3, 3, 3)        100.0000            0.000000
                       DEMANDA( 3, 4, 1)        100.0000            0.000000
                       DEMANDA( 3, 4, 2)        100.0000            0.000000
                       DEMANDA( 3, 4, 3)        100.0000            0.000000
                 CAPACIDAD_INV( 1, 1, 1)        50.00000            0.000000
                 CAPACIDAD_INV( 1, 1, 2)        50.00000            0.000000
                 CAPACIDAD_INV( 1, 1, 3)        50.00000            0.000000
                 CAPACIDAD_INV( 1, 2, 1)        50.00000            0.000000
                 CAPACIDAD_INV( 1, 2, 2)        50.00000            0.000000
                 CAPACIDAD_INV( 1, 2, 3)        50.00000            0.000000
                 CAPACIDAD_INV( 1, 3, 1)        50.00000            0.000000
                 CAPACIDAD_INV( 1, 3, 2)        50.00000            0.000000
                 CAPACIDAD_INV( 1, 3, 3)        50.00000            0.000000
                 CAPACIDAD_INV( 1, 4, 1)        50.00000            0.000000
                 CAPACIDAD_INV( 1, 4, 2)        50.00000            0.000000
                 CAPACIDAD_INV( 1, 4, 3)        50.00000            0.000000
                 CAPACIDAD_INV( 2, 1, 1)        50.00000            0.000000
                 CAPACIDAD_INV( 2, 1, 2)        50.00000            0.000000
                 CAPACIDAD_INV( 2, 1, 3)        50.00000            0.000000
                 CAPACIDAD_INV( 2, 2, 1)        50.00000            0.000000
                 CAPACIDAD_INV( 2, 2, 2)        50.00000            0.000000
                 CAPACIDAD_INV( 2, 2, 3)        50.00000            0.000000
                 CAPACIDAD_INV( 2, 3, 1)        50.00000            0.000000
                 CAPACIDAD_INV( 2, 3, 2)        50.00000            0.000000
                 CAPACIDAD_INV( 2, 3, 3)        50.00000            0.000000
                 CAPACIDAD_INV( 2, 4, 1)        50.00000            0.000000
                 CAPACIDAD_INV( 2, 4, 2)        50.00000            0.000000
                 CAPACIDAD_INV( 2, 4, 3)        50.00000            0.000000
                 CAPACIDAD_INV( 3, 1, 1)        50.00000            0.000000
                 CAPACIDAD_INV( 3, 1, 2)        50.00000            0.000000
                 CAPACIDAD_INV( 3, 1, 3)        50.00000            0.000000
                 CAPACIDAD_INV( 3, 2, 1)        50.00000            0.000000
                 CAPACIDAD_INV( 3, 2, 2)        50.00000            0.000000
                 CAPACIDAD_INV( 3, 2, 3)        50.00000            0.000000
                 CAPACIDAD_INV( 3, 3, 1)        50.00000            0.000000
                 CAPACIDAD_INV( 3, 3, 2)        50.00000            0.000000
                 CAPACIDAD_INV( 3, 3, 3)        50.00000            0.000000
                 CAPACIDAD_INV( 3, 4, 1)        50.00000            0.000000
                 CAPACIDAD_INV( 3, 4, 2)        50.00000            0.000000
                 CAPACIDAD_INV( 3, 4, 3)        50.00000            0.000000
                             X( 1, 1, 1)        50.00000            0.000000
                             X( 1, 1, 2)        200.0000            0.000000
                             X( 1, 1, 3)        150.0000            0.000000
                             X( 1, 2, 1)        0.000000            0.000000
                             X( 1, 2, 2)        50.00000            0.000000
                             X( 1, 2, 3)        0.000000            250.0000
                             X( 1, 3, 1)        0.000000            0.000000
                             X( 1, 3, 2)        0.000000            230.0000
                             X( 1, 3, 3)        0.000000            110.0000
                             X( 1, 4, 1)        250.0000            0.000000
                             X( 1, 4, 2)        150.0000            0.000000
                             X( 1, 4, 3)        0.000000            180.0000
                             X( 2, 1, 1)        50.00000            0.000000
                             X( 2, 1, 2)        100.0000            0.000000
                             X( 2, 1, 3)        150.0000            0.000000
                             X( 2, 2, 1)        0.000000            0.000000
                             X( 2, 2, 2)        0.000000            0.000000
                             X( 2, 2, 3)        50.00000            0.000000
                             X( 2, 3, 1)        0.000000            0.000000
                             X( 2, 3, 2)        0.000000            230.0000
                             X( 2, 3, 3)        0.000000            0.000000
                             X( 2, 4, 1)        150.0000            0.000000
                             X( 2, 4, 2)        100.0000            0.000000
                             X( 2, 4, 3)        0.000000            130.0000
                             X( 3, 1, 1)        50.00000            0.000000
                             X( 3, 1, 2)        50.00000            0.000000
                             X( 3, 1, 3)        100.0000            0.000000
                             X( 3, 2, 1)        0.000000            0.000000
                             X( 3, 2, 2)        100.0000            0.000000
                             X( 3, 2, 3)        50.00000            0.000000
                             X( 3, 3, 1)        0.000000            0.000000
                             X( 3, 3, 2)        0.000000            170.0000
                             X( 3, 3, 3)        0.000000            100.0000
                             X( 3, 4, 1)        50.00000            0.000000
                             X( 3, 4, 2)        50.00000            0.000000
                             X( 3, 4, 3)        100.0000            0.000000
                             Y( 1, 1, 1)        50.00000            0.000000
                             Y( 1, 1, 2)        50.00000            0.000000
                             Y( 1, 1, 3)        0.000000            1300.000
                             Y( 1, 2, 1)        0.000000            60.00000
                             Y( 1, 2, 2)        0.000000            60.00000
                             Y( 1, 2, 3)        0.000000            1060.000
                             Y( 1, 3, 1)        0.000000            0.000000
                             Y( 1, 3, 2)        0.000000            0.000000
                             Y( 1, 3, 3)        0.000000            1210.000
                             Y( 1, 4, 1)        50.00000            0.000000
                             Y( 1, 4, 2)        0.000000            0.000000
                             Y( 1, 4, 3)        0.000000            1290.000
                             Y( 2, 1, 1)        50.00000            0.000000
                             Y( 2, 1, 2)        0.000000            250.0000
                             Y( 2, 1, 3)        0.000000            1050.000
                             Y( 2, 2, 1)        0.000000            60.00000
                             Y( 2, 2, 2)        0.000000            60.00000
                             Y( 2, 2, 3)        0.000000            1060.000
                             Y( 2, 3, 1)        0.000000            0.000000
                             Y( 2, 3, 2)        0.000000            140.0000
                             Y( 2, 3, 3)        0.000000            1070.000
                             Y( 2, 4, 1)        50.00000            0.000000
                             Y( 2, 4, 2)        0.000000            0.000000
                             Y( 2, 4, 3)        0.000000            1090.000
                             Y( 3, 1, 1)        50.00000            0.000000
                             Y( 3, 1, 2)        0.000000            190.0000
                             Y( 3, 1, 3)        0.000000            1050.000
                             Y( 3, 2, 1)        0.000000            120.0000
                             Y( 3, 2, 2)        0.000000            0.000000
                             Y( 3, 2, 3)        0.000000            1060.000
                             Y( 3, 3, 1)        0.000000            0.000000
                             Y( 3, 3, 2)        0.000000            240.0000
                             Y( 3, 3, 3)        0.000000            970.0000
                             Y( 3, 4, 1)        50.00000            0.000000
                             Y( 3, 4, 2)        0.000000            220.0000
                             Y( 3, 4, 3)        0.000000            1020.000
                             V( 1, 1, 1)        0.000000            0.000000
                             V( 1, 1, 2)        200.0000            0.000000
                             V( 1, 1, 3)        200.0000            0.000000
                             V( 1, 2, 1)        0.000000            0.000000
                             V( 1, 2, 2)        50.00000            0.000000
                             V( 1, 2, 3)        0.000000            0.000000
                             V( 1, 3, 1)        0.000000            200.0000
                             V( 1, 3, 2)        0.000000            70.00000
                             V( 1, 3, 3)        0.000000            240.0000
                             V( 1, 4, 1)        200.0000            0.000000
                             V( 1, 4, 2)        200.0000            0.000000
                             V( 1, 4, 3)        0.000000            270.0000
                             V( 2, 1, 1)        0.000000            0.000000
                             V( 2, 1, 2)        150.0000            0.000000
                             V( 2, 1, 3)        150.0000            0.000000
                             V( 2, 2, 1)        0.000000            0.000000
                             V( 2, 2, 2)        0.000000            0.000000
                             V( 2, 2, 3)        50.00000            0.000000
                             V( 2, 3, 1)        0.000000            200.0000
                             V( 2, 3, 2)        0.000000            70.00000
                             V( 2, 3, 3)        0.000000            100.0000
                             V( 2, 4, 1)        100.0000            0.000000
                             V( 2, 4, 2)        150.0000            0.000000
                             V( 2, 4, 3)        0.000000            70.00000
                             V( 3, 1, 1)        0.000000            0.000000
                             V( 3, 1, 2)        100.0000            0.000000
                             V( 3, 1, 3)        100.0000            0.000000
                             V( 3, 2, 1)        0.000000            0.000000
                             V( 3, 2, 2)        100.0000            0.000000
                             V( 3, 2, 3)        50.00000            0.000000
                             V( 3, 3, 1)        0.000000            200.0000
                             V( 3, 3, 2)        0.000000            70.00000
                             V( 3, 3, 3)        0.000000            0.000000
                             V( 3, 4, 1)        0.000000            0.000000
                             V( 3, 4, 2)        100.0000            0.000000
                             V( 3, 4, 3)        100.0000            0.000000
                       MAX_COMPRA( 1, 1)        300.0000            0.000000
                       MAX_COMPRA( 1, 2)        400.0000            0.000000
                       MAX_COMPRA( 1, 3)        150.0000            0.000000
                       MAX_COMPRA( 2, 1)        200.0000            0.000000
                       MAX_COMPRA( 2, 2)        200.0000            0.000000
                       MAX_COMPRA( 2, 3)        200.0000            0.000000
                       MAX_COMPRA( 3, 1)        100.0000            0.000000
                       MAX_COMPRA( 3, 2)        200.0000            0.000000
                       MAX_COMPRA( 3, 3)        250.0000            0.000000
 
                                     Row    Slack or Surplus      Dual Price
                               OBJECTIVE        1191500.            1.000000
                                       2        200.0000            0.000000
                                       3        0.000000            0.000000
                                       4        0.000000            50.00000
                                       5        200.0000            0.000000
                                       6        150.0000            0.000000
                                       7        200.0000            0.000000
                                       8        200.0000            0.000000
                                       9        200.0000            0.000000
                                      10        200.0000            0.000000
                                      11        0.000000            0.000000
                                      12        0.000000            250.0000
                                      13        200.0000            0.000000
                                      14        150.0000            0.000000
                                      15        0.000000            0.000000
                                      16        0.000000            300.0000
                                      17        150.0000            0.000000
                                      18        150.0000            0.000000
                                      19        100.0000            0.000000
                                      20        150.0000            0.000000
                                      21        150.0000            0.000000
                                      22        150.0000            0.000000
                                      23        50.00000            0.000000
                                      24        0.000000            450.0000
                                      25        150.0000            0.000000
                                      26        100.0000            0.000000
                                      27        0.000000            60.00000
                                      28        0.000000            300.0000
                                      29        100.0000            0.000000
                                      30        0.000000            60.00000
                                      31        50.00000            0.000000
                                      32        100.0000            0.000000
                                      33        100.0000            0.000000
                                      34        100.0000            0.000000
                                      35        100.0000            0.000000
                                      36        0.000000            300.0000
                                      37        0.000000            0.000000
                                      38        0.000000            150.0000
                                      39        0.000000            0.000000
                                      40        50.00000            0.000000
                                      41        50.00000            0.000000
                                      42        50.00000            0.000000
                                      43        50.00000            0.000000
                                      44        50.00000            0.000000
                                      45        50.00000            0.000000
                                      46        50.00000            0.000000
                                      47        0.000000            230.0000
                                      48        50.00000            0.000000
                                      49        50.00000            0.000000
                                      50        0.000000            150.0000
                                      51        50.00000            0.000000
                                      52        50.00000            0.000000
                                      53        50.00000            0.000000
                                      54        50.00000            0.000000
                                      55        50.00000            0.000000
                                      56        50.00000            0.000000
                                      57        50.00000            0.000000
                                      58        50.00000            0.000000
                                      59        0.000000            30.00000
                                      60        50.00000            0.000000
                                      61        50.00000            0.000000
                                      62        0.000000            90.00000
                                      63        50.00000            0.000000
                                      64        50.00000            0.000000
                                      65        50.00000            0.000000
                                      66        50.00000            0.000000
                                      67        50.00000            0.000000
                                      68        50.00000            0.000000
                                      69        50.00000            0.000000
                                      70        50.00000            0.000000
                                      71        0.000000            180.0000
                                      72        50.00000            0.000000
                                      73        50.00000            0.000000
                                      74        0.000000            400.0000
                                      75        0.000000            500.0000
                                      76        0.000000            650.0000
                                      77        0.000000            400.0000
                                      78        0.000000            500.0000
                                      79        0.000000            400.0000
                                      80        0.000000            400.0000
                                      81        0.000000            440.0000
                                      82        0.000000            400.0000
                                      83        0.000000            1000.000
                                      84        0.000000            1000.000
                                      85        0.000000            1000.000
                                      86        0.000000            1000.000
                                      87        0.000000            1000.000
                                      88        0.000000            1000.000
                                      89        0.000000            1000.000
                                      90        0.000000            1000.000
                                      91        0.000000            1000.000
                                      92        0.000000            1000.000
                                      93        0.000000            1000.000
                                      94        0.000000            1000.000
                                      95        0.000000            1200.000
                                      96        0.000000            1250.000
                                      97        0.000000            1000.000
                                      98        0.000000            1000.000
                                      99        0.000000            1070.000
                                     100        0.000000            1140.000
                                     101        0.000000            1250.000
                                     102        0.000000            1270.000
                                     103        0.000000            1200.000
                                     104        0.000000            1000.000
                                     105        0.000000            1000.000
                                     106        0.000000            1000.000
                                     107        0.000000            1070.000
                                     108        0.000000            1000.000
                                     109        0.000000            1050.000
                                     110        0.000000            1070.000
                                     111        0.000000            1140.000
                                     112        0.000000            1000.000
                                     113        0.000000            940.0000
                                     114        0.000000            1000.000
                                     115        0.000000            1070.000
                                     116        0.000000            900.0000
                                     117        0.000000            1200.000
                                     118        0.000000            1000.000
 
: QUIT
